Build started 4/27/2016 8:08:47 AM.
     1>Project "C:\Users\guenw\Documents\gitrepos\471p3\src\471p3\471p3.vcxproj" on node 2 (Build target(s)).
     1>ClCompile:
         C:\Program Files (x86)\Microsoft Visual Studio 14.0\VC\bin\CL.exe /c /Zi /nologo /W3 /WX- /O2 /Oi /Oy- /GL /D WIN32 /D NDEBUG /D _CONSOLE /D _UNICODE /D UNICODE /Gm- /EHsc /MD /GS /Gy /fp:precise /Zc:wchar_t /Zc:forScope /Zc:inline /Fo"Release\\" /Fd"Release\vc140.pdb" /Gd /TP /analyze- /errorReport:prompt main.cpp
         main.cpp
     1>main.cpp(126): warning C4018: '<': signed/unsigned mismatch
     1>main.cpp(160): warning C4244: 'initializing': conversion from 'double' to 'int', possible loss of data
     1>main.cpp(161): warning C4244: 'initializing': conversion from 'double' to 'int', possible loss of data
       Link:
         C:\Program Files (x86)\Microsoft Visual Studio 14.0\VC\bin\link.exe /ERRORREPORT:PROMPT /OUT:"C:\Users\guenw\Documents\gitrepos\471p3\src\471p3\Release\471p3.exe" /INCREMENTAL:NO /NOLOGO kernel32.lib user32.lib gdi32.lib winspool.lib comdlg32.lib advapi32.lib shell32.lib ole32.lib oleaut32.lib uuid.lib odbc32.lib odbccp32.lib /MANIFEST /MANIFESTUAC:"level='asInvoker' uiAccess='false'" /manifest:embed /Debug /PDB:"C:\Users\guenw\Documents\gitrepos\471p3\src\471p3\Release\471p3.pdb" /SUBSYSTEM:CONSOLE /OPT:REF /OPT:ICF /LTCG:incremental /TLBID:1 /DYNAMICBASE /NXCOMPAT /IMPLIB:"C:\Users\guenw\Documents\gitrepos\471p3\src\471p3\Release\471p3.lib" /MACHINE:X86 /SAFESEH Release\dynamicTable.obj
         Release\genomics.obj
         Release\main.obj
         Release\suffixTree.obj
         Generating code
         4 of 482 functions ( 0.8%) were compiled, the rest were copied from previous compilation.
           1 functions were new in current compilation
           25 functions had inline decision re-evaluated but remain unchanged
         Finished generating code
         471p3.vcxproj -> C:\Users\guenw\Documents\gitrepos\471p3\src\471p3\Release\471p3.exe
     1>Done Building Project "C:\Users\guenw\Documents\gitrepos\471p3\src\471p3\471p3.vcxproj" (Build target(s)).

Build succeeded.

Time Elapsed 00:00:01.24
